<?xml version="1.0" encoding="UTF-8"?>
<!-- Generated by org.testng.reporters.JUnitXMLReporter -->
<testsuite ignored="0" hostname="Mahi" failures="0" tests="3" name="Default test" time="0.069" errors="0" timestamp="2023-03-30T02:14:11 IST">
  <testcase classname="sauit.base_utility" name="@BeforeTest openbrowser" time="-1.680122651532E9">
    <failure type="org.testng.TestNGException" message="
Parameter &amp;apos;browser&amp;apos; is required by BeforeTest on method openbrowser but has not been marked @Optional or defined
in C:\Users\Mahendra\AppData\Local\Temp\testng-eclipse-65518455\testng-customsuite.xml">
      <![CDATA[org.testng.TestNGException: 
Parameter 'browser' is required by BeforeTest on method openbrowser but has not been marked @Optional or defined
in C:\Users\Mahendra\AppData\Local\Temp\testng-eclipse-65518455\testng-customsuite.xml
at org.testng.internal.Parameters.createParams(Parameters.java:270)
at org.testng.internal.Parameters.createParametersForMethod(Parameters.java:358)
at org.testng.internal.Parameters.createParameters(Parameters.java:700)
at org.testng.internal.Parameters.createConfigurationParameters(Parameters.java:168)
at org.testng.internal.ConfigInvoker.invokeConfigurations(ConfigInvoker.java:302)
at org.testng.TestRunner.invokeTestConfigurations(TestRunner.java:637)
at org.testng.TestRunner.beforeRun(TestRunner.java:627)
at org.testng.TestRunner.run(TestRunner.java:589)
at org.testng.SuiteRunner.runTest(SuiteRunner.java:377)
at org.testng.SuiteRunner.runSequentially(SuiteRunner.java:371)
at org.testng.SuiteRunner.privateRun(SuiteRunner.java:332)
at org.testng.SuiteRunner.run(SuiteRunner.java:276)
at org.testng.SuiteRunnerWorker.runSuite(SuiteRunnerWorker.java:53)
at org.testng.SuiteRunnerWorker.run(SuiteRunnerWorker.java:96)
at org.testng.TestNG.runSuitesSequentially(TestNG.java:1212)
at org.testng.TestNG.runSuitesLocally(TestNG.java:1134)
at org.testng.TestNG.runSuites(TestNG.java:1063)
at org.testng.TestNG.run(TestNG.java:1031)
at org.testng.remote.AbstractRemoteTestNG.run(AbstractRemoteTestNG.java:115)
at org.testng.remote.RemoteTestNG.initAndRun(RemoteTestNG.java:251)
at org.testng.remote.RemoteTestNG.main(RemoteTestNG.java:77)
]]>
    </failure>
  </testcase> <!-- @BeforeTest openbrowser -->
  <testcase classname="sauit.base_utility" name="@BeforeClass beforeclass" time="-1.680122651559E9">
    <skipped/>
  </testcase> <!-- @BeforeClass beforeclass -->
  <testcase classname="sauit.base_utility" name="@BeforeMethod beforemethod" time="-1.680122651571E9">
    <skipped/>
  </testcase> <!-- @BeforeMethod beforemethod -->
  <testcase classname="sauit.base_utility" name="@AfterMethod aftermethod" time="-1.680122651578E9">
    <skipped/>
  </testcase> <!-- @AfterMethod aftermethod -->
  <testcase classname="sauit.base_utility" name="@BeforeMethod beforemethod" time="-1.68012265158E9">
    <skipped/>
  </testcase> <!-- @BeforeMethod beforemethod -->
  <testcase classname="sauit.base_utility" name="@AfterMethod aftermethod" time="-1.680122651584E9">
    <skipped/>
  </testcase> <!-- @AfterMethod aftermethod -->
  <testcase classname="sauit.base_utility" name="@BeforeMethod beforemethod" time="-1.680122651586E9">
    <skipped/>
  </testcase> <!-- @BeforeMethod beforemethod -->
  <testcase classname="sauit.base_utility" name="@AfterMethod aftermethod" time="-1.68012265159E9">
    <skipped/>
  </testcase> <!-- @AfterMethod aftermethod -->
  <testcase classname="sauit.base_utility" name="@AfterClass afterclass" time="-1.680122651592E9">
    <skipped/>
  </testcase> <!-- @AfterClass afterclass -->
  <testcase classname="sauit.base_utility" name="@AfterTest aftertest" time="-1.680122651595E9">
    <skipped/>
  </testcase> <!-- @AfterTest aftertest -->
  <testcase classname="sauit.base_utility" name="validatecode" time="0.0">
    <skipped/>
  </testcase> <!-- validatecode -->
  <testcase classname="sauit.base_utility" name="validateprogres" time="0.0">
    <skipped/>
  </testcase> <!-- validateprogres -->
  <testcase classname="sauit.base_utility" name="validateteacher" time="0.0">
    <skipped/>
  </testcase> <!-- validateteacher -->
</testsuite> <!-- Default test -->
